StockCountSample/android/app/build/intermediates/manifest_merge_blame_file/release/manifest-merger-blame-release-report.txt
1<?xml version="1.0" encoding="utf-8"?>
2<manifest xmlns:android="http://schemas.android.com/apk/res/android"
3    package="com.basicscana.app"
4    android:versionCode="1"
5    android:versionName="1.0" >
6
7    <uses-sdk
8        android:minSdkVersion="21"
8-->src/main/AndroidManifest.xml
9        android:targetSdkVersion="29" />
9-->src/main/AndroidManifest.xml
10
11    <uses-permission android:name="android.permission.INTERNET" />
11-->src/main/AndroidManifest.xml:4:5-67
11-->src/main/AndroidManifest.xml:4:22-64
12    <uses-permission android:name="android.permission.ACCESS_NETWORK_STATE" />
12-->[com.scandit.datacapture:core:6.10.1] AndroidManifest.xml:11:5-79
12-->[com.scandit.datacapture:core:6.10.1] AndroidManifest.xml:11:22-76
13    <uses-permission android:name="android.permission.CAMERA" />
13-->[com.scandit.datacapture:core:6.10.1] AndroidManifest.xml:13:5-65
13-->[com.scandit.datacapture:core:6.10.1] AndroidManifest.xml:13:22-62
14    <uses-permission android:name="android.permission.VIBRATE" />
14-->[com.scandit.datacapture:core:6.10.1] AndroidManifest.xml:14:5-66
14-->[com.scandit.datacapture:core:6.10.1] AndroidManifest.xml:14:22-63
15
16    <uses-feature android:glEsVersion="0x00020000" />
16-->[com.scandit.datacapture:core:6.10.1] AndroidManifest.xml:16:5-54
16-->[com.scandit.datacapture:core:6.10.1] AndroidManifest.xml:16:19-51
17
18    <application
18-->src/main/AndroidManifest.xml:6:5-24:19
19        android:name="com.basicscana.app.MainApplication"
19-->src/main/AndroidManifest.xml:7:7-38
20        android:allowBackup="false"
20-->src/main/AndroidManifest.xml:10:7-34
21        android:appComponentFactory="androidx.core.app.CoreComponentFactory"
21-->[androidx.core:core:1.1.0] AndroidManifest.xml:24:18-86
22        android:icon="@mipmap/ic_launcher"
22-->src/main/AndroidManifest.xml:9:7-41
23        android:label="@string/app_name"
23-->src/main/AndroidManifest.xml:8:7-39
24        android:theme="@style/AppTheme" >
24-->src/main/AndroidManifest.xml:11:7-38
25        <activity
25-->src/main/AndroidManifest.xml:12:7-22:18
26            android:name="com.basicscana.app.MainActivity"
26-->src/main/AndroidManifest.xml:13:9-37
27            android:configChanges="keyboard|keyboardHidden|orientation|screenSize|uiMode"
27-->src/main/AndroidManifest.xml:15:9-86
28            android:label="@string/app_name"
28-->src/main/AndroidManifest.xml:14:9-41
29            android:launchMode="singleTask"
29-->src/main/AndroidManifest.xml:16:9-40
30            android:windowSoftInputMode="adjustResize" >
30-->src/main/AndroidManifest.xml:17:9-51
31            <intent-filter>
31-->src/main/AndroidManifest.xml:18:9-21:25
32                <action android:name="android.intent.action.MAIN" />
32-->src/main/AndroidManifest.xml:19:13-65
32-->src/main/AndroidManifest.xml:19:21-62
33
34                <category android:name="android.intent.category.LAUNCHER" />
34-->src/main/AndroidManifest.xml:20:13-73
34-->src/main/AndroidManifest.xml:20:23-70
35            </intent-filter>
36        </activity>
37        <activity android:name="com.facebook.react.devsupport.DevSettingsActivity" />
37-->src/main/AndroidManifest.xml:23:7-84
37-->src/main/AndroidManifest.xml:23:17-81
38
39        <provider
39-->[com.scandit.datacapture:core:6.10.1] AndroidManifest.xml:19:9-22:40
40            android:name="com.scandit.datacapture.core.internal.sdk.init.CoreLibraryLoaderContentProvider"
40-->[com.scandit.datacapture:core:6.10.1] AndroidManifest.xml:20:13-107
41            android:authorities="com.basicscana.app.corelibraryloadercontentprovider"
41-->[com.scandit.datacapture:core:6.10.1] AndroidManifest.xml:21:13-84
42            android:exported="false" />
42-->[com.scandit.datacapture:core:6.10.1] AndroidManifest.xml:22:13-37
43        <provider
43-->[com.scandit.datacapture:barcode:6.10.1] AndroidManifest.xml:17:9-20:40
44            android:name="com.scandit.datacapture.barcode.internal.sdk.init.BarcodeLibraryLoaderContentProvider"
44-->[com.scandit.datacapture:barcode:6.10.1] AndroidManifest.xml:18:13-113
45            android:authorities="com.basicscana.app.barcodelibraryloadercontentprovider"
45-->[com.scandit.datacapture:barcode:6.10.1] AndroidManifest.xml:19:13-87
46            android:exported="false" />
46-->[com.scandit.datacapture:barcode:6.10.1] AndroidManifest.xml:20:13-37
47    </application>
48
49</manifest>